<?xml version="1.0" encoding="UTF-8"?>
<!-- Generated by org.testng.reporters.JUnitReportReporter -->
<testsuite skipped="0" hostname="LAPTOP-NQ28SJGQ" name="com.weather.tests.WeatherTest" tests="1" failures="0" timestamp="2022-02-07T19:06:25 IST" time="4.832" errors="0">
  <testcase name="verifyWeatherOfCityFromAPI" time="4.832" classname="com.weather.tests.WeatherTest"/>
  <system-out/>
</testsuite> <!-- com.weather.tests.WeatherTest -->
