<?xml version="1.0" encoding="UTF-8"?>
<!-- Generated by org.testng.reporters.JUnitReportReporter -->
<testsuite skipped="0" hostname="LAPTOP-NQ28SJGQ" name="com.weather.tests.ComparatorTest" tests="1" failures="0" timestamp="2022-02-07T19:10:54 IST" time="10.258" errors="0">
  <testcase name="compareCityTemp" time="10.258" classname="com.weather.tests.ComparatorTest"/>
  <system-out/>
</testsuite> <!-- com.weather.tests.ComparatorTest -->
